FAIL tests/unit/authorization.service.test.ts
  ΓùÅ Test suite failed to run

    tests/unit/authorization.service.test.ts:59:65 - error TS2739: Type '{ id: string; policyName: string; policyDefinition: string; }' is missing the following properties from type 'Policy': policyLanguage, version

    59             mockPolicyRepository.getPolicies.mockResolvedValue([mockPolicy]);
                                                                       ~~~~~~~~~~
    tests/unit/authorization.service.test.ts:83:65 - error TS2739: Type '{ id: string; policyName: string; policyDefinition: string; }' is missing the following properties from type 'Policy': policyLanguage, version

    83             mockPolicyRepository.getPolicies.mockResolvedValue([mockPolicy]);
                                                                       ~~~~~~~~~~
    tests/unit/authorization.service.test.ts:128:65 - error TS2739: Type '{ id: string; policyName: string; policyDefinition: string; }' is missing the following properties from type 'Policy': policyLanguage, version

    128             mockPolicyRepository.getPolicies.mockResolvedValue([mockPolicy]);
                                                                        ~~~~~~~~~~
    tests/unit/authorization.service.test.ts:147:65 - error TS2739: Type '{ id: string; policyName: string; policyDefinition: string; }' is missing the following properties from type 'Policy': policyLanguage, version

    147             mockPolicyRepository.getPolicies.mockResolvedValue([mockPolicy]);
                                                                        ~~~~~~~~~~

----------|---------|----------|---------|---------|-------------------
File      | % Stmts | % Branch | % Funcs | % Lines | Uncovered Line #s 
----------|---------|----------|---------|---------|-------------------
All files |       0 |        0 |       0 |       0 |                   
----------|---------|----------|---------|---------|-------------------
Test Suites: 1 failed, 1 total
Tests:       0 total
Snapshots:   0 total
Time:        24.775 s
Ran all test suites matching /tests\\unit\\authorization.service.test.ts/i.
